Using pre-set license

 COMMAND LINE ARGUMENTS:
/Applications/Unity/Hub/Editor/2020.3.12f1/Unity.app/Contents/MacOS/Unity
-adb2
-batchMode
-noUpm
-name
AssetImportWorker0
-projectPath
/Users/bytunc/Documents/GitHub/HyperCasualRun/HyperCasualGamePrototype
-logFile
Logs/AssetImportWorker0.log
-srvPort
52110
Successfully changed project path to: /Users/bytunc/Documents/GitHub/HyperCasualRun/HyperCasualGamePrototype
/Users/bytunc/Documents/GitHub/HyperCasualRun/HyperCasualGamePrototype
Using Asset Import Pipeline V2.
Refreshing native plugins compatible for Editor in 59.09 ms, found 2 plugins.
Preloading 0 native plugins for Editor in 0.00 ms.
Initialize engine version: 2020.3.12f1 (b3b2c6512326)
[Subsystems] Discovering subsystems at path /Applications/Unity/Hub/Editor/2020.3.12f1/Unity.app/Contents/Resources/UnitySubsystems
[Subsystems] Discovering subsystems at path /Users/bytunc/Documents/GitHub/HyperCasualRun/HyperCasualGamePrototype/Assets
GfxDevice: creating device client; threaded=0
2021-07-10 12:59:38.264 Unity[4391:128392] (null) preferred device: Apple M1 (high power)
2021-07-10 12:59:38.264 Unity[4391:128392] Metal devices available: 1
2021-07-10 12:59:38.264 Unity[4391:128392] 0: Apple M1 (high power)
2021-07-10 12:59:38.265 Unity[4391:128392] Using device Apple M1 (high power)
Initializing Metal device caps: Apple M1
Initialize mono
Mono path[0] = '/Applications/Unity/Hub/Editor/2020.3.12f1/Unity.app/Contents/Managed'
Mono path[1] = '/Applications/Unity/Hub/Editor/2020.3.12f1/Unity.app/Contents/MonoBleedingEdge/lib/mono/unityjit'
Mono config path = '/Applications/Unity/Hub/Editor/2020.3.12f1/Unity.app/Contents/MonoBleedingEdge/etc'
Using monoOptions --debugger-agent=transport=dt_socket,embedding=1,server=y,suspend=n,address=127.0.0.1:56391
Begin MonoManager ReloadAssembly
Registering precompiled unity dll's ...
Register platform support module: /Applications/Unity/Hub/Editor/2020.3.12f1/Unity.app/Contents/PlaybackEngines/MacStandaloneSupport/UnityEditor.OSXStandalone.Extensions.dll
Registered in 0.001359 seconds.
Native extension for OSXStandalone target not found
Refreshing native plugins compatible for Editor in 32.98 ms, found 2 plugins.
Preloading 0 native plugins for Editor in 0.00 ms.
Mono: successfully reloaded assembly
- Completed reload, in  3.763 seconds
Platform modules already initialized, skipping
Registering precompiled user dll's ...
Registered in 0.006861 seconds.
Begin MonoManager ReloadAssembly
Native extension for OSXStandalone target not found
Refreshing native plugins compatible for Editor in 0.82 ms, found 2 plugins.
Preloading 0 native plugins for Editor in 0.00 ms.
Mono: successfully reloaded assembly
- Completed reload, in  2.546 seconds
Platform modules already initialized, skipping
========================================================================
Worker process is ready to serve import requests
Launching external process: /Applications/Unity/Hub/Editor/2020.3.12f1/Unity.app/Contents/Tools/UnityShaderCompiler
Launched and connected shader compiler UnityShaderCompiler after 0.03 seconds
Refreshing native plugins compatible for Editor in 0.75 ms, found 2 plugins.
Preloading 0 native plugins for Editor in 0.00 ms.
Unloading 1665 Unused Serialized files (Serialized files now loaded: 0)
System memory in use before: 152.9 MB.
System memory in use after: 153.0 MB.

Unloading 100 unused Assets to reduce memory usage. Loaded Objects now: 2030.
Total: 1.723916 ms (FindLiveObjects: 0.143333 ms CreateObjectMapping: 0.034292 ms MarkObjects: 1.431416 ms  DeleteObjects: 0.114083 ms)

AssetImportParameters requested are different than current active one (requested -> active):
  custom:video-decoder-ogg-theora: a1e56fd34408186e4bbccfd4996cb3dc -> 
  custom:container-muxer-webm: aa71ff27fc2769a1b78a27578f13a17b -> 
  custom:container-demuxer-webm: 4f35f7cbe854078d1ac9338744f61a02 -> 
  custom:container-demuxer-ogg: 62fdf1f143b41e24485cea50d1cbac27 -> 
  custom:video-encoder-webm-vp8: eb34c28f22e8b96e1ab97ce403110664 -> 
  custom:framework-osx-AVFoundation: e770b220cccbd017edd2c1fefb359320 -> 
  custom:video-decoder-webm-vp8: 9c59270c3fd7afecdb556c50c9e8de78 -> 
  custom:audio-decoder-ogg-vorbis: bf7c407c2cedff20999df2af8eb42d56 -> 
  custom:audio-encoder-webm-vorbis: bf7c407c2cedff20999df2af8eb42d56 -> 
========================================================================
Received Import Request.
  path: Assets/Script/Ads.cs
  artifactKey: Guid(f07920bb10c964430900fe8f51c2c1b8) Importer(815301076,1909f56bfc062723c751e8b465ee728b)
Start importing Assets/Script/Ads.cs using Guid(f07920bb10c964430900fe8f51c2c1b8) Importer(815301076,1909f56bfc062723c751e8b465ee728b)  -> (artifact id: '80a72a639633dae1fa5e71d3e02d6487') in 1.739473 seconds 
  Import took 1.742665 seconds .

